2023-06-29T23:37:29.141Z-info: Server is listening on port 8086
2023-06-30T03:26:31.988Z-info: Server is listening on port 8086
2023-06-30T03:31:01.259Z-info: Server is listening on port 8086
2023-06-30T03:32:00.811Z-info: Server is listening on port 8086
2023-06-30T03:33:01.163Z-info: Server is listening on port 8086
2023-06-30T03:33:56.040Z-info: Server is listening on port 8086
2023-06-30T03:37:04.848Z-info: Server is listening on port 8086
2023-06-30T03:41:26.211Z-info: Server is listening on port 8086
2023-06-30T03:49:11.673Z-info: Server is listening on port 8086
2023-06-30T15:18:03.427Z-info: Server is listening on port 8086
2023-06-30T15:22:01.473Z-info: Server is listening on port 8086
2023-06-30T15:22:29.172Z-info: Server is listening on port 8086
2023-06-30T15:23:03.994Z-info: Server is listening on port 8086
2023-06-30T15:27:00.145Z-info: Server is listening on port 8086
2023-06-30T15:33:05.336Z-info: Server is listening on port 8086
2023-06-30T16:34:35.158Z-info: Server is listening on port 8086
2023-06-30T16:36:12.718Z-info: Server is listening on port 8086
2023-06-30T16:42:36.809Z-info: Server is listening on port 8086
2023-06-30T19:38:45.829Z-info: Server is listening on port 8086
2023-06-30T19:41:07.297Z-info: Server is listening on port 8086
2023-06-30T19:42:15.290Z-info: Server is listening on port 8086
2023-06-30T19:44:31.319Z-info: Server is listening on port 8086
2023-06-30T19:54:10.064Z-info: Server is listening on port 8086
2023-06-30T19:54:23.793Z-error: insert into "wallet" ("created_at", "min_amount", "status", "updated_at", "user_id") values ($1, $2, $3, $4, $5) returning * - duplicate key value violates unique constraint "wallet_user_id_key"
2023-06-30T20:19:15.029Z-info: Server is listening on port 8086
2023-06-30T20:22:15.747Z-info: Server is listening on port 8086
2023-06-30T23:18:21.590Z-info: Server is listening on port 8086
2023-06-30T23:18:34.234Z-error: Undefined binding(s) detected when compiling FIRST. Undefined column(s): [wallet_id] query: select * from "wallet" where "wallet_id" = ? limit ?
2023-06-30T23:31:41.375Z-info: Server is listening on port 8086
2023-06-30T23:34:58.411Z-info: Server is listening on port 8086
2023-06-30T23:38:47.615Z-info: Server is listening on port 8086
2023-06-30T23:39:56.045Z-info: Server is listening on port 8086
2023-06-30T23:41:16.025Z-info: Server is listening on port 8086
2023-06-30T23:42:30.453Z-info: Server is listening on port 8086
2023-06-30T23:49:40.388Z-info: Server is listening on port 8086
2023-07-01T00:06:32.774Z-info: Server is listening on port 8086
2023-07-01T00:44:44.394Z-info: Server is listening on port 8086
2023-07-01T00:46:13.527Z-info: Server is listening on port 8086
2023-07-01T00:46:53.804Z-info: Server is listening on port 8086
2023-07-01T00:51:38.291Z-info: Server is listening on port 8086
2023-07-01T01:05:36.162Z-info: Server is listening on port 8086
2023-07-01T01:31:00.567Z-info: Server is listening on port 8086
2023-07-01T01:32:03.374Z-info: Server is listening on port 8086
2023-07-01T01:32:27.515Z-info: Server is listening on port 8086
2023-07-01T01:36:04.745Z-info: Server is listening on port 8086
2023-07-01T01:38:01.745Z-info: Server is listening on port 8086
2023-07-01T01:42:54.144Z-info: Server is listening on port 8086
2023-07-01T02:00:32.709Z-info: Server is listening on port 8086
2023-07-03T20:47:00.673Z-info: Server is listening on port 8086
2023-07-03T20:51:54.587Z-info: Server is listening on port 8086
2023-07-03T20:52:42.429Z-info: Server is listening on port 8086
2023-07-03T20:55:31.116Z-info: Server is listening on port 8086
2023-07-03T20:55:55.182Z-info: Server is listening on port 8086
2023-07-03T21:10:48.764Z-info: Server is listening on port 8086
2023-07-03T21:13:10.380Z-info: Server is listening on port 8086
2023-07-03T21:15:59.511Z-info: Server is listening on port 8086
2023-07-03T21:19:10.683Z-info: Server is listening on port 8086
2023-07-03T21:28:41.672Z-info: Server is listening on port 8086
2023-07-03T21:29:41.675Z-info: Server is listening on port 8086
2023-07-03T21:33:01.802Z-info: Server is listening on port 8086
2023-07-03T21:33:36.068Z-info: Server is listening on port 8086
2023-07-03T22:25:46.003Z-info: Server is listening on port 8086
2023-07-03T22:26:33.151Z-info: Server is listening on port 8086
2023-07-03T22:26:41.119Z-error: insert into "transaction" ("amount", "created_at", "type", "updated_at", "wallet_id") values ($1, $2, $3, $4, $5) returning * - insert or update on table "transaction" violates foreign key constraint "fk_transaction"
2023-07-03T22:30:13.423Z-info: Server is listening on port 8086
2023-07-03T22:30:15.793Z-error: insert into "transaction" ("amount", "created_at", "type", "updated_at", "wallet_id") values ($1, $2, $3, $4, $5) returning * - insert or update on table "transaction" violates foreign key constraint "fk_transaction"
2023-07-03T22:40:27.711Z-info: Server is listening on port 8086
2023-07-03T22:45:10.326Z-info: Server is listening on port 8086
2023-07-03T23:07:11.422Z-info: Server is listening on port 8086
2023-07-03T23:16:20.448Z-info: Server is listening on port 8086
2023-07-03T23:18:28.901Z-info: Server is listening on port 8086
2023-07-03T23:20:42.743Z-info: Server is listening on port 8086
2023-07-03T23:22:08.360Z-info: Server is listening on port 8086
2023-07-04T00:17:44.828Z-info: Server is listening on port 8086
2023-07-04T00:18:19.048Z-info: Server is listening on port 8086
2023-07-04T00:18:43.062Z-info: Server is listening on port 8086
2023-07-04T16:50:38.423Z-info: Server is listening on port 8086
2023-07-04T16:53:21.063Z-info: Server is listening on port 8086
2023-07-04T16:54:31.195Z-info: Server is listening on port 8086
2023-07-04T18:55:05.663Z-info: Server is listening on port 8086
2023-07-04T18:58:54.238Z-info: Server is listening on port 8086
2023-07-04T18:59:03.087Z-error: Failed Discount wallet amount
